Using pre-set license
Built from '2021.3/staging' branch; Version is '2021.3.8f1 (b30333d56e81) revision 11731763'; Using compiler version '192829333'; Build Type 'Release'
OS: 'Windows 11  (10.0.22621) 64bit Professional' Language: 'en' Physical Memory: 16084 MB
BatchMode: 1, IsHumanControllingUs: 0, StartBugReporterOnCrash: 0, Is64bit: 1, IsPro: 1

COMMAND LINE ARGUMENTS:
D:\Unity\2021.3.8f1\Editor\Unity.exe
-adb2
-batchMode
-noUpm
-name
AssetImportWorker2
-projectPath
C:/Users/dusse/Documents/GitHub/Project-and-Portfolio-2/ZombieReset
-logFile
Logs/AssetImportWorker2.log
-srvPort
60062
Successfully changed project path to: C:/Users/dusse/Documents/GitHub/Project-and-Portfolio-2/ZombieReset
C:/Users/dusse/Documents/GitHub/Project-and-Portfolio-2/ZombieReset
[UnityMemory] Configuration Parameters - Can be set up in boot.config
    "memorysetup-bucket-allocator-granularity=16"
    "memorysetup-bucket-allocator-bucket-count=8"
    "memorysetup-bucket-allocator-block-size=33554432"
    "memorysetup-bucket-allocator-block-count=8"
    "memorysetup-main-allocator-block-size=16777216"
    "memorysetup-thread-allocator-block-size=16777216"
    "memorysetup-gfx-main-allocator-block-size=16777216"
    "memorysetup-gfx-thread-allocator-block-size=16777216"
    "memorysetup-cache-allocator-block-size=4194304"
    "memorysetup-typetree-allocator-block-size=2097152"
    "memorysetup-profiler-bucket-allocator-granularity=16"
    "memorysetup-profiler-bucket-allocator-bucket-count=8"
    "memorysetup-profiler-bucket-allocator-block-size=33554432"
    "memorysetup-profiler-bucket-allocator-block-count=8"
    "memorysetup-profiler-allocator-block-size=16777216"
    "memorysetup-profiler-editor-allocator-block-size=1048576"
    "memorysetup-temp-allocator-size-main=16777216"
    "memorysetup-job-temp-allocator-block-size=2097152"
    "memorysetup-job-temp-allocator-block-size-background=1048576"
    "memorysetup-job-temp-allocator-reduction-small-platforms=262144"
    "memorysetup-temp-allocator-size-background-worker=32768"
    "memorysetup-temp-allocator-size-job-worker=262144"
    "memorysetup-temp-allocator-size-preload-manager=33554432"
    "memorysetup-temp-allocator-size-nav-mesh-worker=65536"
    "memorysetup-temp-allocator-size-audio-worker=65536"
    "memorysetup-temp-allocator-size-cloud-worker=32768"
    "memorysetup-temp-allocator-size-gi-baking-worker=262144"
    "memorysetup-temp-allocator-size-gfx=262144"
Refreshing native plugins compatible for Editor in 58.33 ms, found 3 plugins.
Preloading 0 native plugins for Editor in 0.00 ms.
Initialize engine version: 2021.3.8f1 (b30333d56e81)
[Subsystems] Discovering subsystems at path D:/Unity/2021.3.8f1/Editor/Data/Resources/UnitySubsystems
[Subsystems] Discovering subsystems at path C:/Users/dusse/Documents/GitHub/Project-and-Portfolio-2/ZombieReset/Assets
GfxDevice: creating device client; threaded=0; jobified=0
Direct3D:
    Version:  Direct3D 11.0 [level 11.1]
    Renderer: NVIDIA GeForce RTX 3080 Laptop GPU (ID=0x249c)
    Vendor:   NVIDIA
    VRAM:     8018 MB
    Driver:   31.0.15.5123
Initialize mono
Mono path[0] = 'D:/Unity/2021.3.8f1/Editor/Data/Managed'
Mono path[1] = 'D:/Unity/2021.3.8f1/Editor/Data/MonoBleedingEdge/lib/mono/unityjit-win32'
Mono config path = 'D:/Unity/2021.3.8f1/Editor/Data/MonoBleedingEdge/etc'
Using monoOptions --debugger-agent=transport=dt_socket,embedding=1,server=y,suspend=n,address=127.0.0.1:56304
Begin MonoManager ReloadAssembly
Registering precompiled unity dll's ...
Register platform support module: D:/Unity/2021.3.8f1/Editor/Data/PlaybackEngines/WindowsStandaloneSupport/UnityEditor.WindowsStandalone.Extensions.dll
Registered in 0.001736 seconds.
Native extension for WindowsStandalone target not found
Refreshing native plugins compatible for Editor in 57.54 ms, found 3 plugins.
Preloading 0 native plugins for Editor in 0.00 ms.
Mono: successfully reloaded assembly
- Completed reload, in  0.478 seconds
Domain Reload Profiling:
	ReloadAssembly (478ms)
		BeginReloadAssembly (69ms)
			ExecutionOrderSort (0ms)
			DisableScriptedObjects (0ms)
			BackupInstance (0ms)
			ReleaseScriptingObjects (0ms)
			CreateAndSetChildDomain (1ms)
		EndReloadAssembly (337ms)
			LoadAssemblies (68ms)
			RebuildTransferFunctionScriptingTraits (0ms)
			SetupTypeCache (68ms)
			ReleaseScriptCaches (0ms)
			RebuildScriptCaches (19ms)
			SetupLoadedEditorAssemblies (217ms)
				LogAssemblyErrors (0ms)
				InitializePlatformSupportModulesInManaged (5ms)
				SetLoadedEditorAssemblies (0ms)
				RefreshPlugins (58ms)
				BeforeProcessingInitializeOnLoad (1ms)
				ProcessInitializeOnLoadAttributes (122ms)
				ProcessInitializeOnLoadMethodAttributes (31ms)
				AfterProcessingInitializeOnLoad (0ms)
				EditorAssembliesLoaded (0ms)
			ExecutionOrderSort2 (0ms)
			AwakeInstancesAfterBackupRestoration (0ms)
Platform modules already initialized, skipping
Registering precompiled user dll's ...
Registered in 0.005247 seconds.
Begin MonoManager ReloadAssembly
Symbol file LoadedFromMemory doesn't match image C:\Users\dusse\Documents\GitHub\Project-and-Portfolio-2\ZombieReset\Library\PackageCache\com.unity.visualscripting@1.7.8\Editor\VisualScripting.Core\Dependencies\YamlDotNet\Unity.VisualScripting.YamlDotNet.dll
Symbol file LoadedFromMemory doesn't match image C:\Users\dusse\Documents\GitHub\Project-and-Portfolio-2\ZombieReset\Library\PackageCache\com.unity.visualscripting@1.7.8\Editor\VisualScripting.Core\Dependencies\DotNetZip\Unity.VisualScripting.IonicZip.dll
Native extension for WindowsStandalone target not found
Refreshing native plugins compatible for Editor in 0.41 ms, found 3 plugins.
Preloading 0 native plugins for Editor in 0.00 ms.
Mono: successfully reloaded assembly
- Completed reload, in  0.714 seconds
Domain Reload Profiling:
	ReloadAssembly (715ms)
		BeginReloadAssembly (89ms)
			ExecutionOrderSort (0ms)
			DisableScriptedObjects (4ms)
			BackupInstance (0ms)
			ReleaseScriptingObjects (0ms)
			CreateAndSetChildDomain (15ms)
		EndReloadAssembly (549ms)
			LoadAssemblies (66ms)
			RebuildTransferFunctionScriptingTraits (0ms)
			SetupTypeCache (182ms)
			ReleaseScriptCaches (1ms)
			RebuildScriptCaches (33ms)
			SetupLoadedEditorAssemblies (254ms)
				LogAssemblyErrors (0ms)
				InitializePlatformSupportModulesInManaged (3ms)
				SetLoadedEditorAssemblies (0ms)
				RefreshPlugins (0ms)
				BeforeProcessingInitializeOnLoad (55ms)
				ProcessInitializeOnLoadAttributes (169ms)
				ProcessInitializeOnLoadMethodAttributes (25ms)
				AfterProcessingInitializeOnLoad (1ms)
				EditorAssembliesLoaded (0ms)
			ExecutionOrderSort2 (0ms)
			AwakeInstancesAfterBackupRestoration (4ms)
Platform modules already initialized, skipping
========================================================================
Worker process is ready to serve import requests
Launched and connected shader compiler UnityShaderCompiler.exe after 0.05 seconds
Refreshing native plugins compatible for Editor in 0.63 ms, found 3 plugins.
Preloading 0 native plugins for Editor in 0.00 ms.
Unloading 3431 Unused Serialized files (Serialized files now loaded: 0)
Unloading 28 unused Assets / (146.4 KB). Loaded Objects now: 3888.
Memory consumption went from 119.7 MB to 119.6 MB.
Total: 3.473100 ms (FindLiveObjects: 0.236000 ms CreateObjectMapping: 0.113600 ms MarkObjects: 3.016200 ms  DeleteObjects: 0.106200 ms)

AssetImportParameters requested are different than current active one (requested -> active):
  custom:video-decoder-ogg-theora: a1e56fd34408186e4bbccfd4996cb3dc -> 
  custom:container-muxer-webm: aa71ff27fc2769a1b78a27578f13a17b -> 
  custom:container-demuxer-webm: 4f35f7cbe854078d1ac9338744f61a02 -> 
  custom:video-encoder-webm-vp8: eb34c28f22e8b96e1ab97ce403110664 -> 
  custom:audio-encoder-webm-vorbis: bf7c407c2cedff20999df2af8eb42d56 -> 
  custom:framework-win-MediaFoundation: 216162199b28c13a410421893ffa2e32 -> 
  custom:container-demuxer-ogg: 62fdf1f143b41e24485cea50d1cbac27 -> 
  custom:video-decoder-webm-vp8: 9c59270c3fd7afecdb556c50c9e8de78 -> 
  custom:audio-decoder-ogg-vorbis: bf7c407c2cedff20999df2af8eb42d56 -> 
========================================================================
Received Import Request.
  Time since last request: 1121247.536036 seconds.
  path: Assets/Unity Store Assets/Easy Destructible Wall/Materials/Brick.mat
  artifactKey: Guid(a04d123b2e9151a4b9702d6aa1e6c7f0) Importer(815301076,1909f56bfc062723c751e8b465ee728b)
Start importing Assets/Unity Store Assets/Easy Destructible Wall/Materials/Brick.mat using Guid(a04d123b2e9151a4b9702d6aa1e6c7f0) Importer(815301076,1909f56bfc062723c751e8b465ee728b)  -> (artifact id: 'c39269e199c1797ff05898e0675b4e6f') in 0.120088 seconds 
========================================================================
Received Import Request.
  Time since last request: 130.781771 seconds.
  path: Assets/Unity Store Assets/Zombie/Textures/Zombie_ao.png
  artifactKey: Guid(4ef3438267568cd40b87841c3e2c22c5) Importer(815301076,1909f56bfc062723c751e8b465ee728b)
Start importing Assets/Unity Store Assets/Zombie/Textures/Zombie_ao.png using Guid(4ef3438267568cd40b87841c3e2c22c5) Importer(815301076,1909f56bfc062723c751e8b465ee728b)  -> (artifact id: '80cd8fe459f809cb7ab1696bf6e35f14') in 0.068707 seconds 
========================================================================
Received Import Request.
  Time since last request: 0.000029 seconds.
  path: Assets/Unity Store Assets/Zombie/Textures/Zombie_metallic.tga
  artifactKey: Guid(33de7c829c3a0224c8975ad93b61b05e) Importer(815301076,1909f56bfc062723c751e8b465ee728b)
Start importing Assets/Unity Store Assets/Zombie/Textures/Zombie_metallic.tga using Guid(33de7c829c3a0224c8975ad93b61b05e) Importer(815301076,1909f56bfc062723c751e8b465ee728b)  -> (artifact id: '656893e5fa17e20989df844d0cea3a1d') in 0.021215 seconds 
========================================================================
Received Import Request.
  Time since last request: 19.076119 seconds.
  path: Assets/Unity Store Assets/Zombie/Prefabs/Zombie2.prefab
  artifactKey: Guid(d58be77cba3adf54cb14b15052b86514) Importer(815301076,1909f56bfc062723c751e8b465ee728b)
Start importing Assets/Unity Store Assets/Zombie/Prefabs/Zombie2.prefab using Guid(d58be77cba3adf54cb14b15052b86514) Importer(815301076,1909f56bfc062723c751e8b465ee728b)  -> (artifact id: '3f38432526742d656c0d8962e29521df') in 0.285551 seconds 
========================================================================
Received Import Request.
  Time since last request: 66.777013 seconds.
  path: Assets/Scripts/cameraController.cs
  artifactKey: Guid(e1839e58345924046a4253d3b51b285f) Importer(815301076,1909f56bfc062723c751e8b465ee728b)
Start importing Assets/Scripts/cameraController.cs using Guid(e1839e58345924046a4253d3b51b285f) Importer(815301076,1909f56bfc062723c751e8b465ee728b)  -> (artifact id: '41a37edab842f7d9b54efc661af34a42') in 0.027317 seconds 
========================================================================
Received Import Request.
  Time since last request: 29.189349 seconds.
  path: Assets/Prefabs/ZombieEnemy.prefab
  artifactKey: Guid(f54094540d0d6a540ab6f621b12b1182) Importer(815301076,1909f56bfc062723c751e8b465ee728b)
Start importing Assets/Prefabs/ZombieEnemy.prefab using Guid(f54094540d0d6a540ab6f621b12b1182) Importer(815301076,1909f56bfc062723c751e8b465ee728b)  -> (artifact id: '4ad0001ae933229e4045fcab53d9b8dd') in 0.097428 seconds 
========================================================================
Received Import Request.
  Time since last request: 154.920053 seconds.
  path: Assets/Scripts/GameManager.cs
  artifactKey: Guid(bbb92d5e73ea3ec42934105143ed7915) Importer(815301076,1909f56bfc062723c751e8b465ee728b)
Start importing Assets/Scripts/GameManager.cs using Guid(bbb92d5e73ea3ec42934105143ed7915) Importer(815301076,1909f56bfc062723c751e8b465ee728b)  -> (artifact id: 'bf69bb3501be9e98b9034a1fe65ec92c') in 0.020890 seconds 
========================================================================
Received Prepare
Registering precompiled user dll's ...
Registered in 0.004309 seconds.
Begin MonoManager ReloadAssembly
Symbol file LoadedFromMemory doesn't match image C:\Users\dusse\Documents\GitHub\Project-and-Portfolio-2\ZombieReset\Library\PackageCache\com.unity.visualscripting@1.7.8\Editor\VisualScripting.Core\Dependencies\YamlDotNet\Unity.VisualScripting.YamlDotNet.dll
Symbol file LoadedFromMemory doesn't match image C:\Users\dusse\Documents\GitHub\Project-and-Portfolio-2\ZombieReset\Library\PackageCache\com.unity.visualscripting@1.7.8\Editor\VisualScripting.Core\Dependencies\DotNetZip\Unity.VisualScripting.IonicZip.dll
Native extension for WindowsStandalone target not found
Refreshing native plugins compatible for Editor in 0.46 ms, found 3 plugins.
Preloading 0 native plugins for Editor in 0.00 ms.
Mono: successfully reloaded assembly
- Completed reload, in  0.665 seconds
Domain Reload Profiling:
	ReloadAssembly (666ms)
		BeginReloadAssembly (110ms)
			ExecutionOrderSort (0ms)
			DisableScriptedObjects (3ms)
			BackupInstance (0ms)
			ReleaseScriptingObjects (0ms)
			CreateAndSetChildDomain (31ms)
		EndReloadAssembly (497ms)
			LoadAssemblies (70ms)
			RebuildTransferFunctionScriptingTraits (0ms)
			SetupTypeCache (166ms)
			ReleaseScriptCaches (1ms)
			RebuildScriptCaches (26ms)
			SetupLoadedEditorAssemblies (218ms)
				LogAssemblyErrors (0ms)
				InitializePlatformSupportModulesInManaged (9ms)
				SetLoadedEditorAssemblies (0ms)
				RefreshPlugins (1ms)
				BeforeProcessingInitializeOnLoad (43ms)
				ProcessInitializeOnLoadAttributes (143ms)
				ProcessInitializeOnLoadMethodAttributes (20ms)
				AfterProcessingInitializeOnLoad (1ms)
				EditorAssembliesLoaded (0ms)
			ExecutionOrderSort2 (0ms)
			AwakeInstancesAfterBackupRestoration (4ms)
Platform modules already initialized, skipping
Refreshing native plugins compatible for Editor in 2.02 ms, found 3 plugins.
Preloading 0 native plugins for Editor in 0.00 ms.
Unloading 3412 Unused Serialized files (Serialized files now loaded: 0)
Unloading 21 unused Assets / (113.7 KB). Loaded Objects now: 3933.
Memory consumption went from 135.8 MB to 135.7 MB.
Total: 10.950200 ms (FindLiveObjects: 0.282800 ms CreateObjectMapping: 0.107700 ms MarkObjects: 10.457700 ms  DeleteObjects: 0.100500 ms)

AssetImportParameters requested are different than current active one (requested -> active):
  custom:video-decoder-ogg-theora: a1e56fd34408186e4bbccfd4996cb3dc -> 
  custom:container-muxer-webm: aa71ff27fc2769a1b78a27578f13a17b -> 
  custom:container-demuxer-webm: 4f35f7cbe854078d1ac9338744f61a02 -> 
  custom:video-encoder-webm-vp8: eb34c28f22e8b96e1ab97ce403110664 -> 
  custom:audio-encoder-webm-vorbis: bf7c407c2cedff20999df2af8eb42d56 -> 
  custom:framework-win-MediaFoundation: 216162199b28c13a410421893ffa2e32 -> 
  custom:container-demuxer-ogg: 62fdf1f143b41e24485cea50d1cbac27 -> 
  custom:video-decoder-webm-vp8: 9c59270c3fd7afecdb556c50c9e8de78 -> 
  custom:audio-decoder-ogg-vorbis: bf7c407c2cedff20999df2af8eb42d56 -> 
========================================================================
Received Import Request.
  Time since last request: 19.780226 seconds.
  path: Assets/Scripts/IDamage.cs
  artifactKey: Guid(2ecc1701a567b8145a7176564c7fda9f) Importer(815301076,1909f56bfc062723c751e8b465ee728b)
Start importing Assets/Scripts/IDamage.cs using Guid(2ecc1701a567b8145a7176564c7fda9f) Importer(815301076,1909f56bfc062723c751e8b465ee728b)  -> (artifact id: '144ba764e98c1e6e5b55ed301e66ddf5') in 0.018525 seconds 
========================================================================
Received Import Request.
  Time since last request: 133.492788 seconds.
  path: Assets/Real Stars Skybox/StarSkybox04
  artifactKey: Guid(9a69603e0221c4448a19671eb2251daa) Importer(815301076,1909f56bfc062723c751e8b465ee728b)
Start importing Assets/Real Stars Skybox/StarSkybox04 using Guid(9a69603e0221c4448a19671eb2251daa) Importer(815301076,1909f56bfc062723c751e8b465ee728b)  -> (artifact id: '9bf174a2abd908b79828d51c591797e7') in 0.009738 seconds 
========================================================================
Received Import Request.
  Time since last request: 0.130702 seconds.
  path: Assets/Real Stars Skybox/StarSkybox04/CubemapStars.cubemap
  artifactKey: Guid(5a672cb61ef32734b9c28539c9c42494) Importer(815301076,1909f56bfc062723c751e8b465ee728b)
Start importing Assets/Real Stars Skybox/StarSkybox04/CubemapStars.cubemap using Guid(5a672cb61ef32734b9c28539c9c42494) Importer(815301076,1909f56bfc062723c751e8b465ee728b)  -> (artifact id: '29ab00040612da5fc8b1be7a47d4970c') in 0.844546 seconds 
========================================================================
Received Import Request.
  Time since last request: 22.784968 seconds.
  path: Assets/Real Stars Skybox/StarSkybox04Named
  artifactKey: Guid(2c51c54624e6be8428dbcea1f097167f) Importer(815301076,1909f56bfc062723c751e8b465ee728b)
Start importing Assets/Real Stars Skybox/StarSkybox04Named using Guid(2c51c54624e6be8428dbcea1f097167f) Importer(815301076,1909f56bfc062723c751e8b465ee728b)  -> (artifact id: '808b5dd5062a3590f528b94677c3f753') in 0.012726 seconds 
========================================================================
Received Import Request.
  Time since last request: 0.127079 seconds.
  path: Assets/Real Stars Skybox/StarSkybox04Named/CubemapStarsNamed.cubemap
  artifactKey: Guid(ec138a587ef5adc488cf01a681a9e4c2) Importer(815301076,1909f56bfc062723c751e8b465ee728b)
Start importing Assets/Real Stars Skybox/StarSkybox04Named/CubemapStarsNamed.cubemap using Guid(ec138a587ef5adc488cf01a681a9e4c2) Importer(815301076,1909f56bfc062723c751e8b465ee728b)  -> (artifact id: 'da6447a289d56ab9d9bb39321ba10a3c') in 1.565101 seconds 
========================================================================
Received Import Request.
  Time since last request: 6.627418 seconds.
  path: Assets/Real Stars Skybox/StarSkybox04NamedConstell
  artifactKey: Guid(37d8d21b45e09f84c90dfa8ba142e1b9) Importer(815301076,1909f56bfc062723c751e8b465ee728b)
Start importing Assets/Real Stars Skybox/StarSkybox04NamedConstell using Guid(37d8d21b45e09f84c90dfa8ba142e1b9) Importer(815301076,1909f56bfc062723c751e8b465ee728b)  -> (artifact id: '170f9ce54daa22937309dd097575b11a') in 0.013793 seconds 
========================================================================
Received Import Request.
  Time since last request: 0.124880 seconds.
  path: Assets/Real Stars Skybox/StarSkybox04NamedConstell/CubemapStarsNamedConstellations.cubemap
  artifactKey: Guid(f57e241cdb19d3c4788594fdd1e24c73) Importer(815301076,1909f56bfc062723c751e8b465ee728b)
Start importing Assets/Real Stars Skybox/StarSkybox04NamedConstell/CubemapStarsNamedConstellations.cubemap using Guid(f57e241cdb19d3c4788594fdd1e24c73) Importer(815301076,1909f56bfc062723c751e8b465ee728b)  -> (artifact id: 'be455481d8bba3b869be61bbd5a03b98') in 0.776159 seconds 
========================================================================
Received Import Request.
  Time since last request: 6.186445 seconds.
  path: Assets/Real Stars Skybox/Demo Scene
  artifactKey: Guid(6c0bbc020110ead47955ae38f90c2311) Importer(815301076,1909f56bfc062723c751e8b465ee728b)
Start importing Assets/Real Stars Skybox/Demo Scene using Guid(6c0bbc020110ead47955ae38f90c2311) Importer(815301076,1909f56bfc062723c751e8b465ee728b)  -> (artifact id: 'd1b498b8e5ba1fdae8fd8168b9be7a1d') in 0.014732 seconds 
========================================================================
Received Import Request.
  Time since last request: 0.137907 seconds.
  path: Assets/Real Stars Skybox/Demo Scene/Skybox Camera.prefab
  artifactKey: Guid(ebbd32dcb8045dc4f82118fac564ad52) Importer(815301076,1909f56bfc062723c751e8b465ee728b)
Start importing Assets/Real Stars Skybox/Demo Scene/Skybox Camera.prefab using Guid(ebbd32dcb8045dc4f82118fac564ad52) Importer(815301076,1909f56bfc062723c751e8b465ee728b)  -> (artifact id: 'a6a3ccecc867a78c38297d4b19afdd40') in 0.023891 seconds 
========================================================================
Received Import Request.
  Time since last request: 5.391237 seconds.
  path: Assets/Real Stars Skybox/Demo Scene/RealStarsSkyboxFreeAsset.unity
  artifactKey: Guid(b635d732dea14f34db5c763863730a04) Importer(815301076,1909f56bfc062723c751e8b465ee728b)
Start importing Assets/Real Stars Skybox/Demo Scene/RealStarsSkyboxFreeAsset.unity using Guid(b635d732dea14f34db5c763863730a04) Importer(815301076,1909f56bfc062723c751e8b465ee728b)  -> (artifact id: '0dc7db8566a9caffe7cdad90d0039ff3') in 0.012049 seconds 
========================================================================
Received Prepare
Registering precompiled user dll's ...
Registered in 0.007710 seconds.
Begin MonoManager ReloadAssembly
Symbol file LoadedFromMemory doesn't match image C:\Users\dusse\Documents\GitHub\Project-and-Portfolio-2\ZombieReset\Library\PackageCache\com.unity.visualscripting@1.7.8\Editor\VisualScripting.Core\Dependencies\YamlDotNet\Unity.VisualScripting.YamlDotNet.dll
Symbol file LoadedFromMemory doesn't match image C:\Users\dusse\Documents\GitHub\Project-and-Portfolio-2\ZombieReset\Library\PackageCache\com.unity.visualscripting@1.7.8\Editor\VisualScripting.Core\Dependencies\DotNetZip\Unity.VisualScripting.IonicZip.dll
Native extension for WindowsStandalone target not found
Refreshing native plugins compatible for Editor in 0.45 ms, found 3 plugins.
Preloading 0 native plugins for Editor in 0.00 ms.
Mono: successfully reloaded assembly
- Completed reload, in  0.697 seconds
Domain Reload Profiling:
	ReloadAssembly (698ms)
		BeginReloadAssembly (113ms)
			ExecutionOrderSort (0ms)
			DisableScriptedObjects (3ms)
			BackupInstance (0ms)
			ReleaseScriptingObjects (0ms)
			CreateAndSetChildDomain (29ms)
		EndReloadAssembly (518ms)
			LoadAssemblies (74ms)
			RebuildTransferFunctionScriptingTraits (0ms)
			SetupTypeCache (176ms)
			ReleaseScriptCaches (1ms)
			RebuildScriptCaches (28ms)
			SetupLoadedEditorAssemblies (225ms)
				LogAssemblyErrors (0ms)
				InitializePlatformSupportModulesInManaged (9ms)
				SetLoadedEditorAssemblies (0ms)
				RefreshPlugins (1ms)
				BeforeProcessingInitializeOnLoad (43ms)
				ProcessInitializeOnLoadAttributes (152ms)
				ProcessInitializeOnLoadMethodAttributes (19ms)
				AfterProcessingInitializeOnLoad (1ms)
				EditorAssembliesLoaded (0ms)
			ExecutionOrderSort2 (0ms)
			AwakeInstancesAfterBackupRestoration (5ms)
Platform modules already initialized, skipping
Refreshing native plugins compatible for Editor in 3.24 ms, found 3 plugins.
Preloading 0 native plugins for Editor in 0.00 ms.
Unloading 3412 Unused Serialized files (Serialized files now loaded: 0)
Unloading 21 unused Assets / (113.7 KB). Loaded Objects now: 3938.
Memory consumption went from 135.8 MB to 135.7 MB.
Total: 3.324700 ms (FindLiveObjects: 0.275400 ms CreateObjectMapping: 0.096100 ms MarkObjects: 2.865700 ms  DeleteObjects: 0.086100 ms)

AssetImportParameters requested are different than current active one (requested -> active):
  custom:video-decoder-ogg-theora: a1e56fd34408186e4bbccfd4996cb3dc -> 
  custom:container-muxer-webm: aa71ff27fc2769a1b78a27578f13a17b -> 
  custom:container-demuxer-webm: 4f35f7cbe854078d1ac9338744f61a02 -> 
  custom:video-encoder-webm-vp8: eb34c28f22e8b96e1ab97ce403110664 -> 
  custom:audio-encoder-webm-vorbis: bf7c407c2cedff20999df2af8eb42d56 -> 
  custom:framework-win-MediaFoundation: 216162199b28c13a410421893ffa2e32 -> 
  custom:container-demuxer-ogg: 62fdf1f143b41e24485cea50d1cbac27 -> 
  custom:video-decoder-webm-vp8: 9c59270c3fd7afecdb556c50c9e8de78 -> 
  custom:audio-decoder-ogg-vorbis: bf7c407c2cedff20999df2af8eb42d56 -> 
========================================================================
Received Import Request.
  Time since last request: 62.177482 seconds.
  path: Assets/Scenes/SampleScene.unity
  artifactKey: Guid(9fc0d4010bbf28b4594072e72b8655ab) Importer(815301076,1909f56bfc062723c751e8b465ee728b)
Start importing Assets/Scenes/SampleScene.unity using Guid(9fc0d4010bbf28b4594072e72b8655ab) Importer(815301076,1909f56bfc062723c751e8b465ee728b)  -> (artifact id: '4bab9d116164de6352312947194a88be') in 0.021574 seconds 
========================================================================
Received Import Request.
  Time since last request: 218.669811 seconds.
  path: Assets/Unity Store Assets/Zombie/Materials/Zombie.mat
  artifactKey: Guid(9fdb5531bdf185e448dd06dfa8192f8d) Importer(815301076,1909f56bfc062723c751e8b465ee728b)
Start importing Assets/Unity Store Assets/Zombie/Materials/Zombie.mat using Guid(9fdb5531bdf185e448dd06dfa8192f8d) Importer(815301076,1909f56bfc062723c751e8b465ee728b)  -> (artifact id: '50b42d1886d497e1d7d32d8b1dee5aed') in 0.072063 seconds 
========================================================================
Received Import Request.
  Time since last request: 0.000016 seconds.
  path: Assets/Unity Store Assets/Zombie/Animations/Zombie@Z_Walk1_InPlace.FBX
  artifactKey: Guid(3fa7045af54b82c47852949257d136c7) Importer(815301076,1909f56bfc062723c751e8b465ee728b)
Start importing Assets/Unity Store Assets/Zombie/Animations/Zombie@Z_Walk1_InPlace.FBX using Guid(3fa7045af54b82c47852949257d136c7) Importer(815301076,1909f56bfc062723c751e8b465ee728b)  -> (artifact id: 'cd7d53ea5e03a7f12f1ff25c09263904') in 0.168083 seconds 
========================================================================
Received Import Request.
  Time since last request: 0.123144 seconds.
  path: Assets/Unity Store Assets/Zombie/Animations/Zombie@Z_Run_InPlace.FBX
  artifactKey: Guid(79969b20b5ba62e499ee433a4dd38701) Importer(815301076,1909f56bfc062723c751e8b465ee728b)
Start importing Assets/Unity Store Assets/Zombie/Animations/Zombie@Z_Run_InPlace.FBX using Guid(79969b20b5ba62e499ee433a4dd38701) Importer(815301076,1909f56bfc062723c751e8b465ee728b)  -> (artifact id: '93b1ed136cabb797570b4b1d91353828') in 0.150517 seconds 
========================================================================
Received Import Request.
  Time since last request: 0.000018 seconds.
  path: Assets/Unity Store Assets/Zombie/Animations/Zombie@Z_Idle.FBX
  artifactKey: Guid(0d6373858f853604b960cf84b7d3dfbf) Importer(815301076,1909f56bfc062723c751e8b465ee728b)
Start importing Assets/Unity Store Assets/Zombie/Animations/Zombie@Z_Idle.FBX using Guid(0d6373858f853604b960cf84b7d3dfbf) Importer(815301076,1909f56bfc062723c751e8b465ee728b)  -> (artifact id: '6fbc4fd78dc7a86deffc3945de3dfaee') in 0.128029 seconds 
========================================================================
Received Import Request.
  Time since last request: 2.608983 seconds.
  path: Assets/Unity Store Assets/ToonSoldiers_WW2_demo/model/Materials/US_soldier_simple.mat
  artifactKey: Guid(1dcd4ea457239f049875b7a7c8f9509e) Importer(815301076,1909f56bfc062723c751e8b465ee728b)
Start importing Assets/Unity Store Assets/ToonSoldiers_WW2_demo/model/Materials/US_soldier_simple.mat using Guid(1dcd4ea457239f049875b7a7c8f9509e) Importer(815301076,1909f56bfc062723c751e8b465ee728b)  -> (artifact id: '868d11b56560b593501c733eb407c8d7') in 0.125303 seconds 
========================================================================
Received Import Request.
  Time since last request: 0.000018 seconds.
  path: Assets/Low Poly Guns/Models/Guns/sniper2/sniper2.fbx
  artifactKey: Guid(c8573db8e30e916479a705831bd5040c) Importer(815301076,1909f56bfc062723c751e8b465ee728b)
Start importing Assets/Low Poly Guns/Models/Guns/sniper2/sniper2.fbx using Guid(c8573db8e30e916479a705831bd5040c) Importer(815301076,1909f56bfc062723c751e8b465ee728b)  -> (artifact id: '909a98282487b0f057297daaea0f9f65') in 0.032056 seconds 
========================================================================
Received Import Request.
  Time since last request: 0.866813 seconds.
  path: Assets/Low Poly Guns/Models/Guns/sniper1/sniper1.mat
  artifactKey: Guid(b2dfdf44d328a59449b16f2b9d82492c) Importer(815301076,1909f56bfc062723c751e8b465ee728b)
Start importing Assets/Low Poly Guns/Models/Guns/sniper1/sniper1.mat using Guid(b2dfdf44d328a59449b16f2b9d82492c) Importer(815301076,1909f56bfc062723c751e8b465ee728b)  -> (artifact id: 'ccbd0fa5b4faf7c0e42257c12851f3a2') in 0.041947 seconds 
========================================================================
Received Import Request.
  Time since last request: 0.000017 seconds.
  path: Assets/Low Poly Guns/Models/Guns/smg2/smg2.fbx
  artifactKey: Guid(a957639d15248134a9be03d5ae4fed7f) Importer(815301076,1909f56bfc062723c751e8b465ee728b)
Start importing Assets/Low Poly Guns/Models/Guns/smg2/smg2.fbx using Guid(a957639d15248134a9be03d5ae4fed7f) Importer(815301076,1909f56bfc062723c751e8b465ee728b)  -> (artifact id: '6fb8e2beb0a89dba9ad1595a1aaec16c') in 0.026541 seconds 
========================================================================
Received Import Request.
  Time since last request: 0.249528 seconds.
  path: Assets/Low Poly Guns/Models/Guns/smg1/smg1.fbx
  artifactKey: Guid(2cf10fa706c7a4d42b5927d8e730f4e2) Importer(815301076,1909f56bfc062723c751e8b465ee728b)
Start importing Assets/Low Poly Guns/Models/Guns/smg1/smg1.fbx using Guid(2cf10fa706c7a4d42b5927d8e730f4e2) Importer(815301076,1909f56bfc062723c751e8b465ee728b)  -> (artifact id: 'd13d83458ddbc89a25d3a6bc3b44a1f0') in 0.035000 seconds 
========================================================================
Received Import Request.
  Time since last request: 0.000855 seconds.
  path: Assets/Low Poly Guns/Models/Guns/shotgun2/shotgun2.fbx
  artifactKey: Guid(8b36fb41929fc22429f0083d817b8040) Importer(815301076,1909f56bfc062723c751e8b465ee728b)
Start importing Assets/Low Poly Guns/Models/Guns/shotgun2/shotgun2.fbx using Guid(8b36fb41929fc22429f0083d817b8040) Importer(815301076,1909f56bfc062723c751e8b465ee728b)  -> (artifact id: 'b557b2ff5e2aadee3dd87385e3549e6d') in 0.032349 seconds 
========================================================================
Received Prepare
Registering precompiled user dll's ...
Registered in 0.003915 seconds.
Begin MonoManager ReloadAssembly
Symbol file LoadedFromMemory doesn't match image C:\Users\dusse\Documents\GitHub\Project-and-Portfolio-2\ZombieReset\Library\PackageCache\com.unity.visualscripting@1.7.8\Editor\VisualScripting.Core\Dependencies\YamlDotNet\Unity.VisualScripting.YamlDotNet.dll
Symbol file LoadedFromMemory doesn't match image C:\Users\dusse\Documents\GitHub\Project-and-Portfolio-2\ZombieReset\Library\PackageCache\com.unity.visualscripting@1.7.8\Editor\VisualScripting.Core\Dependencies\DotNetZip\Unity.VisualScripting.IonicZip.dll
Native extension for WindowsStandalone target not found
Refreshing native plugins compatible for Editor in 0.47 ms, found 3 plugins.
Preloading 0 native plugins for Editor in 0.00 ms.
Mono: successfully reloaded assembly
- Completed reload, in  0.660 seconds
Domain Reload Profiling:
	ReloadAssembly (661ms)
		BeginReloadAssembly (107ms)
			ExecutionOrderSort (0ms)
			DisableScriptedObjects (3ms)
			BackupInstance (0ms)
			ReleaseScriptingObjects (0ms)
			CreateAndSetChildDomain (28ms)
		EndReloadAssembly (492ms)
			LoadAssemblies (70ms)
			RebuildTransferFunctionScriptingTraits (0ms)
			SetupTypeCache (168ms)
			ReleaseScriptCaches (1ms)
			RebuildScriptCaches (27ms)
			SetupLoadedEditorAssemblies (212ms)
				LogAssemblyErrors (0ms)
				InitializePlatformSupportModulesInManaged (9ms)
				SetLoadedEditorAssemblies (0ms)
				RefreshPlugins (1ms)
				BeforeProcessingInitializeOnLoad (43ms)
				ProcessInitializeOnLoadAttributes (139ms)
				ProcessInitializeOnLoadMethodAttributes (18ms)
				AfterProcessingInitializeOnLoad (2ms)
				EditorAssembliesLoaded (0ms)
			ExecutionOrderSort2 (0ms)
			AwakeInstancesAfterBackupRestoration (5ms)
Platform modules already initialized, skipping
Refreshing native plugins compatible for Editor in 1.49 ms, found 3 plugins.
Preloading 0 native plugins for Editor in 0.00 ms.
Unloading 3410 Unused Serialized files (Serialized files now loaded: 0)
Unloading 23 unused Assets / (114.0 KB). Loaded Objects now: 3943.
Memory consumption went from 136.3 MB to 136.2 MB.
Total: 3.966500 ms (FindLiveObjects: 0.268800 ms CreateObjectMapping: 0.114600 ms MarkObjects: 3.459100 ms  DeleteObjects: 0.122500 ms)

AssetImportParameters requested are different than current active one (requested -> active):
  custom:video-decoder-ogg-theora: a1e56fd34408186e4bbccfd4996cb3dc -> 
  custom:container-muxer-webm: aa71ff27fc2769a1b78a27578f13a17b -> 
  custom:container-demuxer-webm: 4f35f7cbe854078d1ac9338744f61a02 -> 
  custom:video-encoder-webm-vp8: eb34c28f22e8b96e1ab97ce403110664 -> 
  custom:audio-encoder-webm-vorbis: bf7c407c2cedff20999df2af8eb42d56 -> 
  custom:framework-win-MediaFoundation: 216162199b28c13a410421893ffa2e32 -> 
  custom:container-demuxer-ogg: 62fdf1f143b41e24485cea50d1cbac27 -> 
  custom:video-decoder-webm-vp8: 9c59270c3fd7afecdb556c50c9e8de78 -> 
  custom:audio-decoder-ogg-vorbis: bf7c407c2cedff20999df2af8eb42d56 -> 
========================================================================
Received Import Request.
  Time since last request: 58.855908 seconds.
  path: Assets/Prefabs/assault2.prefab
  artifactKey: Guid(c1630d1ed3423b24ca96dac6823b0170) Importer(815301076,1909f56bfc062723c751e8b465ee728b)
Start importing Assets/Prefabs/assault2.prefab using Guid(c1630d1ed3423b24ca96dac6823b0170) Importer(815301076,1909f56bfc062723c751e8b465ee728b)  -> (artifact id: 'de5997df0f9e7295064b24f8337a9cc5') in 0.023979 seconds 
========================================================================
Received Prepare
Registering precompiled user dll's ...
Registered in 0.004699 seconds.
Begin MonoManager ReloadAssembly
Symbol file LoadedFromMemory doesn't match image C:\Users\dusse\Documents\GitHub\Project-and-Portfolio-2\ZombieReset\Library\PackageCache\com.unity.visualscripting@1.7.8\Editor\VisualScripting.Core\Dependencies\YamlDotNet\Unity.VisualScripting.YamlDotNet.dll
Symbol file LoadedFromMemory doesn't match image C:\Users\dusse\Documents\GitHub\Project-and-Portfolio-2\ZombieReset\Library\PackageCache\com.unity.visualscripting@1.7.8\Editor\VisualScripting.Core\Dependencies\DotNetZip\Unity.VisualScripting.IonicZip.dll
Native extension for WindowsStandalone target not found
Refreshing native plugins compatible for Editor in 0.44 ms, found 3 plugins.
Preloading 0 native plugins for Editor in 0.00 ms.
Mono: successfully reloaded assembly
- Completed reload, in  0.667 seconds
Domain Reload Profiling:
	ReloadAssembly (667ms)
		BeginReloadAssembly (105ms)
			ExecutionOrderSort (0ms)
			DisableScriptedObjects (3ms)
			BackupInstance (0ms)
			ReleaseScriptingObjects (0ms)
			CreateAndSetChildDomain (24ms)
		EndReloadAssembly (500ms)
			LoadAssemblies (72ms)
			RebuildTransferFunctionScriptingTraits (0ms)
			SetupTypeCache (170ms)
			ReleaseScriptCaches (1ms)
			RebuildScriptCaches (27ms)
			SetupLoadedEditorAssemblies (215ms)
				LogAssemblyErrors (0ms)
				InitializePlatformSupportModulesInManaged (8ms)
				SetLoadedEditorAssemblies (0ms)
				RefreshPlugins (0ms)
				BeforeProcessingInitializeOnLoad (42ms)
				ProcessInitializeOnLoadAttributes (143ms)
				ProcessInitializeOnLoadMethodAttributes (20ms)
				AfterProcessingInitializeOnLoad (1ms)
				EditorAssembliesLoaded (0ms)
			ExecutionOrderSort2 (0ms)
			AwakeInstancesAfterBackupRestoration (4ms)
Platform modules already initialized, skipping
Refreshing native plugins compatible for Editor in 1.47 ms, found 3 plugins.
Preloading 0 native plugins for Editor in 0.00 ms.
Unloading 3407 Unused Serialized files (Serialized files now loaded: 0)
Unloading 24 unused Assets / (114.1 KB). Loaded Objects now: 3943.
Memory consumption went from 136.2 MB to 136.1 MB.
Total: 2.355000 ms (FindLiveObjects: 0.186900 ms CreateObjectMapping: 0.105800 ms MarkObjects: 1.961800 ms  DeleteObjects: 0.098100 ms)

AssetImportParameters requested are different than current active one (requested -> active):
  custom:video-decoder-ogg-theora: a1e56fd34408186e4bbccfd4996cb3dc -> 
  custom:container-muxer-webm: aa71ff27fc2769a1b78a27578f13a17b -> 
  custom:container-demuxer-webm: 4f35f7cbe854078d1ac9338744f61a02 -> 
  custom:video-encoder-webm-vp8: eb34c28f22e8b96e1ab97ce403110664 -> 
  custom:audio-encoder-webm-vorbis: bf7c407c2cedff20999df2af8eb42d56 -> 
  custom:framework-win-MediaFoundation: 216162199b28c13a410421893ffa2e32 -> 
  custom:container-demuxer-ogg: 62fdf1f143b41e24485cea50d1cbac27 -> 
  custom:video-decoder-webm-vp8: 9c59270c3fd7afecdb556c50c9e8de78 -> 
  custom:audio-decoder-ogg-vorbis: bf7c407c2cedff20999df2af8eb42d56 -> 
========================================================================
Received Import Request.
  Time since last request: 69.883906 seconds.
  path: Packages/com.blockadelabs.sdk/package.json
  artifactKey: Guid(fb5dc3ed6cb9cdf469562dd9cddee9b9) Importer(815301076,1909f56bfc062723c751e8b465ee728b)
Start importing Packages/com.blockadelabs.sdk/package.json using Guid(fb5dc3ed6cb9cdf469562dd9cddee9b9) Importer(815301076,1909f56bfc062723c751e8b465ee728b)  -> (artifact id: '3c6d53d92150872d6e52817dcd494b28') in 0.027393 seconds 
========================================================================
Received Import Request.
  Time since last request: 27.071568 seconds.
  path: Packages/com.blockadelabs.sdk
  artifactKey: Guid(b919b8dbbde7c73ba85d05e2c39013a6) Importer(815301076,1909f56bfc062723c751e8b465ee728b)
Start importing Packages/com.blockadelabs.sdk using Guid(b919b8dbbde7c73ba85d05e2c39013a6) Importer(815301076,1909f56bfc062723c751e8b465ee728b)  -> (artifact id: '6ed5bd0b5be107ce7545605bc2097974') in 0.017743 seconds 
========================================================================
Received Import Request.
  Time since last request: 15.219112 seconds.
  path: Assets/Unity Store Assets/Zombie/Materials/Plane.mat
  artifactKey: Guid(e7ed6772552b9e4488b1398f8282ed3b) Importer(815301076,1909f56bfc062723c751e8b465ee728b)
Start importing Assets/Unity Store Assets/Zombie/Materials/Plane.mat using Guid(e7ed6772552b9e4488b1398f8282ed3b) Importer(815301076,1909f56bfc062723c751e8b465ee728b)  -> (artifact id: 'e823f0efb2176a4cf3800c7fd802b2f1') in 0.066549 seconds 
========================================================================
Received Import Request.
  Time since last request: 1.070980 seconds.
  path: Packages/com.unity.testtools.codecoverage/package.json
  artifactKey: Guid(ba7d60725b0ec604698819352642be89) Importer(815301076,1909f56bfc062723c751e8b465ee728b)
Start importing Packages/com.unity.testtools.codecoverage/package.json using Guid(ba7d60725b0ec604698819352642be89) Importer(815301076,1909f56bfc062723c751e8b465ee728b)  -> (artifact id: 'bd2dd2fcfb070eff30dd06220f902a2a') in 0.018096 seconds 
========================================================================
Received Import Request.
  Time since last request: 2.900651 seconds.
  path: Packages/com.blockadelabs.sdk/Settings.asset
  artifactKey: Guid(bb545e472ea14b640936128e690be415) Importer(815301076,1909f56bfc062723c751e8b465ee728b)
Start importing Packages/com.blockadelabs.sdk/Settings.asset using Guid(bb545e472ea14b640936128e690be415) Importer(815301076,1909f56bfc062723c751e8b465ee728b)  -> (artifact id: 'e9aa4fb55ce6edaff6d4863fab65b43c') in 0.019358 seconds 
========================================================================
Received Import Request.
  Time since last request: 3.376744 seconds.
  path: Packages/com.blockadelabs.sdk/Editor
  artifactKey: Guid(714a4b7c11d639043ab7a286aa403f26) Importer(815301076,1909f56bfc062723c751e8b465ee728b)
Start importing Packages/com.blockadelabs.sdk/Editor using Guid(714a4b7c11d639043ab7a286aa403f26) Importer(815301076,1909f56bfc062723c751e8b465ee728b)  -> (artifact id: 'eede2dacefe5cfec7008f718c07600be') in 0.016989 seconds 
========================================================================
Received Import Request.
  Time since last request: 4.098200 seconds.
  path: Packages/com.blockadelabs.sdk/Fonts
  artifactKey: Guid(61cc00ba37455dc4c9037253faca81a4) Importer(815301076,1909f56bfc062723c751e8b465ee728b)
Start importing Packages/com.blockadelabs.sdk/Fonts using Guid(61cc00ba37455dc4c9037253faca81a4) Importer(815301076,1909f56bfc062723c751e8b465ee728b)  -> (artifact id: 'afa75212677f60ffa5c906cb85fcf5e0') in 0.012905 seconds 
========================================================================
Received Import Request.
  Time since last request: 0.373703 seconds.
  path: Packages/com.blockadelabs.sdk/Materials
  artifactKey: Guid(cd6d9362c0b4af54cb0843bb9ca69fb9) Importer(815301076,1909f56bfc062723c751e8b465ee728b)
Start importing Packages/com.blockadelabs.sdk/Materials using Guid(cd6d9362c0b4af54cb0843bb9ca69fb9) Importer(815301076,1909f56bfc062723c751e8b465ee728b)  -> (artifact id: 'de48dee2de5054971cf3598d57448cf9') in 0.002926 seconds 
========================================================================
Received Import Request.
  Time since last request: 0.357534 seconds.
  path: Packages/com.blockadelabs.sdk/Prefabs
  artifactKey: Guid(0186b3f6d2d0e8f4eb80a2346240a8f6) Importer(815301076,1909f56bfc062723c751e8b465ee728b)
Start importing Packages/com.blockadelabs.sdk/Prefabs using Guid(0186b3f6d2d0e8f4eb80a2346240a8f6) Importer(815301076,1909f56bfc062723c751e8b465ee728b)  -> (artifact id: '3ad68177cb424058597466666508c9e0') in 0.014231 seconds 
========================================================================
Received Import Request.
  Time since last request: 3.546238 seconds.
  path: Packages/com.blockadelabs.sdk/README.md
  artifactKey: Guid(0724a9cef21b70c49bdbb8499ab9e4c3) Importer(815301076,1909f56bfc062723c751e8b465ee728b)
Start importing Packages/com.blockadelabs.sdk/README.md using Guid(0724a9cef21b70c49bdbb8499ab9e4c3) Importer(815301076,1909f56bfc062723c751e8b465ee728b)  -> (artifact id: 'de24e73050301d6593ca7f9ce7c23db4') in 0.035458 seconds 
========================================================================
Received Prepare
Registering precompiled user dll's ...
Registered in 0.003626 seconds.
Begin MonoManager ReloadAssembly
Symbol file LoadedFromMemory doesn't match image C:\Users\dusse\Documents\GitHub\Project-and-Portfolio-2\ZombieReset\Library\PackageCache\com.unity.visualscripting@1.7.8\Editor\VisualScripting.Core\Dependencies\YamlDotNet\Unity.VisualScripting.YamlDotNet.dll
Symbol file LoadedFromMemory doesn't match image C:\Users\dusse\Documents\GitHub\Project-and-Portfolio-2\ZombieReset\Library\PackageCache\com.unity.visualscripting@1.7.8\Editor\VisualScripting.Core\Dependencies\DotNetZip\Unity.VisualScripting.IonicZip.dll
Native extension for WindowsStandalone target not found
Refreshing native plugins compatible for Editor in 0.42 ms, found 3 plugins.
Preloading 0 native plugins for Editor in 0.00 ms.
Mono: successfully reloaded assembly
- Completed reload, in  0.651 seconds
Domain Reload Profiling:
	ReloadAssembly (652ms)
		BeginReloadAssembly (103ms)
			ExecutionOrderSort (0ms)
			DisableScriptedObjects (3ms)
			BackupInstance (0ms)
			ReleaseScriptingObjects (0ms)
			CreateAndSetChildDomain (25ms)
		EndReloadAssembly (487ms)
			LoadAssemblies (68ms)
			RebuildTransferFunctionScriptingTraits (0ms)
			SetupTypeCache (164ms)
			ReleaseScriptCaches (1ms)
			RebuildScriptCaches (26ms)
			SetupLoadedEditorAssemblies (213ms)
				LogAssemblyErrors (0ms)
				InitializePlatformSupportModulesInManaged (9ms)
				SetLoadedEditorAssemblies (0ms)
				RefreshPlugins (0ms)
				BeforeProcessingInitializeOnLoad (42ms)
				ProcessInitializeOnLoadAttributes (142ms)
				ProcessInitializeOnLoadMethodAttributes (18ms)
				AfterProcessingInitializeOnLoad (1ms)
				EditorAssembliesLoaded (0ms)
			ExecutionOrderSort2 (0ms)
			AwakeInstancesAfterBackupRestoration (5ms)
Platform modules already initialized, skipping
Refreshing native plugins compatible for Editor in 1.84 ms, found 3 plugins.
Preloading 0 native plugins for Editor in 0.00 ms.
Unloading 3377 Unused Serialized files (Serialized files now loaded: 0)
Unloading 41 unused Assets / (78.7 KB). Loaded Objects now: 3925.
Memory consumption went from 135.6 MB to 135.5 MB.
Total: 3.839000 ms (FindLiveObjects: 0.309800 ms CreateObjectMapping: 0.110100 ms MarkObjects: 3.282900 ms  DeleteObjects: 0.133000 ms)

AssetImportParameters requested are different than current active one (requested -> active):
  custom:video-decoder-ogg-theora: a1e56fd34408186e4bbccfd4996cb3dc -> 
  custom:container-muxer-webm: aa71ff27fc2769a1b78a27578f13a17b -> 
  custom:container-demuxer-webm: 4f35f7cbe854078d1ac9338744f61a02 -> 
  custom:video-encoder-webm-vp8: eb34c28f22e8b96e1ab97ce403110664 -> 
  custom:audio-encoder-webm-vorbis: bf7c407c2cedff20999df2af8eb42d56 -> 
  custom:framework-win-MediaFoundation: 216162199b28c13a410421893ffa2e32 -> 
  custom:container-demuxer-ogg: 62fdf1f143b41e24485cea50d1cbac27 -> 
  custom:video-decoder-webm-vp8: 9c59270c3fd7afecdb556c50c9e8de78 -> 
  custom:audio-decoder-ogg-vorbis: bf7c407c2cedff20999df2af8eb42d56 -> 
========================================================================
Received Import Request.
  Time since last request: 81.055100 seconds.
  path: Assets/Unity Store Assets/Zombie/Animations/Zombie@Z_FallingForward.FBX
  artifactKey: Guid(d870b4f0cba458640b29cda304d40186) Importer(815301076,1909f56bfc062723c751e8b465ee728b)
Start importing Assets/Unity Store Assets/Zombie/Animations/Zombie@Z_FallingForward.FBX using Guid(d870b4f0cba458640b29cda304d40186) Importer(815301076,1909f56bfc062723c751e8b465ee728b)  -> (artifact id: '918112a348f11027ce4ca11076c036eb') in 0.112840 seconds 
========================================================================
Received Import Request.
  Time since last request: 1288.117508 seconds.
  path: Assets/Scripts/GameManager.cs
  artifactKey: Guid(bbb92d5e73ea3ec42934105143ed7915) Importer(815301076,1909f56bfc062723c751e8b465ee728b)
Start importing Assets/Scripts/GameManager.cs using Guid(bbb92d5e73ea3ec42934105143ed7915) Importer(815301076,1909f56bfc062723c751e8b465ee728b)  -> (artifact id: 'f0cb4584a567771bc19394910ac5616e') in 0.018565 seconds 
========================================================================
Received Prepare
Registering precompiled user dll's ...
Registered in 0.010374 seconds.
Begin MonoManager ReloadAssembly
Symbol file LoadedFromMemory doesn't match image C:\Users\dusse\Documents\GitHub\Project-and-Portfolio-2\ZombieReset\Library\PackageCache\com.unity.visualscripting@1.7.8\Editor\VisualScripting.Core\Dependencies\YamlDotNet\Unity.VisualScripting.YamlDotNet.dll
Symbol file LoadedFromMemory doesn't match image C:\Users\dusse\Documents\GitHub\Project-and-Portfolio-2\ZombieReset\Library\PackageCache\com.unity.visualscripting@1.7.8\Editor\VisualScripting.Core\Dependencies\DotNetZip\Unity.VisualScripting.IonicZip.dll
Native extension for WindowsStandalone target not found
Refreshing native plugins compatible for Editor in 0.52 ms, found 3 plugins.
Preloading 0 native plugins for Editor in 0.00 ms.
Mono: successfully reloaded assembly
- Completed reload, in  1.078 seconds
Domain Reload Profiling:
	ReloadAssembly (1081ms)
		BeginReloadAssembly (380ms)
			ExecutionOrderSort (0ms)
			DisableScriptedObjects (13ms)
			BackupInstance (0ms)
			ReleaseScriptingObjects (0ms)
			CreateAndSetChildDomain (189ms)
		EndReloadAssembly (622ms)
			LoadAssemblies (107ms)
			RebuildTransferFunctionScriptingTraits (0ms)
			SetupTypeCache (211ms)
			ReleaseScriptCaches (1ms)
			RebuildScriptCaches (28ms)
			SetupLoadedEditorAssemblies (276ms)
				LogAssemblyErrors (0ms)
				InitializePlatformSupportModulesInManaged (12ms)
				SetLoadedEditorAssemblies (2ms)
				RefreshPlugins (1ms)
				BeforeProcessingInitializeOnLoad (59ms)
				ProcessInitializeOnLoadAttributes (182ms)
				ProcessInitializeOnLoadMethodAttributes (19ms)
				AfterProcessingInitializeOnLoad (2ms)
				EditorAssembliesLoaded (0ms)
			ExecutionOrderSort2 (0ms)
			AwakeInstancesAfterBackupRestoration (5ms)
Platform modules already initialized, skipping
Refreshing native plugins compatible for Editor in 2.10 ms, found 3 plugins.
Preloading 0 native plugins for Editor in 0.00 ms.
Unloading 3377 Unused Serialized files (Serialized files now loaded: 0)
Unloading 20 unused Assets / (78.6 KB). Loaded Objects now: 3928.
Memory consumption went from 135.5 MB to 135.4 MB.
Total: 4.356300 ms (FindLiveObjects: 0.181900 ms CreateObjectMapping: 0.078300 ms MarkObjects: 3.971700 ms  DeleteObjects: 0.123600 ms)

AssetImportParameters requested are different than current active one (requested -> active):
  custom:video-decoder-ogg-theora: a1e56fd34408186e4bbccfd4996cb3dc -> 
  custom:container-muxer-webm: aa71ff27fc2769a1b78a27578f13a17b -> 
  custom:container-demuxer-webm: 4f35f7cbe854078d1ac9338744f61a02 -> 
  custom:video-encoder-webm-vp8: eb34c28f22e8b96e1ab97ce403110664 -> 
  custom:audio-encoder-webm-vorbis: bf7c407c2cedff20999df2af8eb42d56 -> 
  custom:framework-win-MediaFoundation: 216162199b28c13a410421893ffa2e32 -> 
  custom:container-demuxer-ogg: 62fdf1f143b41e24485cea50d1cbac27 -> 
  custom:video-decoder-webm-vp8: 9c59270c3fd7afecdb556c50c9e8de78 -> 
  custom:audio-decoder-ogg-vorbis: bf7c407c2cedff20999df2af8eb42d56 -> 
========================================================================
Received Import Request.
  Time since last request: 3448.827284 seconds.
  path: Assets/Scripts/enemyAI.cs
  artifactKey: Guid(3215290a9455b194bb8251005dc98705) Importer(815301076,1909f56bfc062723c751e8b465ee728b)
Start importing Assets/Scripts/enemyAI.cs using Guid(3215290a9455b194bb8251005dc98705) Importer(815301076,1909f56bfc062723c751e8b465ee728b)  -> (artifact id: 'b4aadca172c80182d40b8dba837b1d58') in 0.128551 seconds 
